2018-11-19 11:20:29 [main] INFO  [com.push.StartPushService:33] - start push service .
2018-11-19 11:20:35 [NioProcessor-2] INFO  [com.push.handle.PushHandler:27] - new session created!
2018-11-19 11:20:35 [NioProcessor-2] INFO  [com.push.handle.PushHandler:35] - 登录（sessionOpened）=========
2018-11-19 11:20:35 [NioProcessor-2] INFO  [com.push.handle.TransMessage:164] - 头数据：0000000110010000047901020F0000000000
2018-11-19 11:20:40 [main] INFO  [com.push.handle.PushHandler:83] - connect sucess:
2018-11-19 11:20:42 [main] INFO  [com.push.handle.PushHandler:86] - connect com.push.handle.PushHandler for tcp
2018-11-19 11:20:49 [NioProcessor-2] INFO  [com.push.handle.PushHandler:78] - exceptionCaught====>Cannot get Jedis connection; nested exception is redis.clients.jedis.exceptions.JedisConnectionException: Could not get a resource from the pool
2018-11-19 11:20:49 [NioProcessor-2] INFO  [com.push.handle.PushHandler:65] - new session close!
2018-11-19 11:20:54 [NioProcessor-3] INFO  [com.push.handle.PushHandler:27] - new session created!
2018-11-19 11:20:54 [NioProcessor-3] INFO  [com.push.handle.PushHandler:35] - 登录（sessionOpened）=========
2018-11-19 11:20:54 [NioProcessor-3] INFO  [com.push.handle.TransMessage:164] - 头数据：0000000110010000047901020F0000000000
2018-11-19 11:20:56 [NioProcessor-3] INFO  [com.push.handle.PushHandler:78] - exceptionCaught====>Cannot get Jedis connection; nested exception is redis.clients.jedis.exceptions.JedisConnectionException: Could not get a resource from the pool
2018-11-19 11:20:56 [NioProcessor-3] INFO  [com.push.handle.PushHandler:65] - new session close!
2018-11-19 11:21:00 [NioProcessor-4] INFO  [com.push.handle.PushHandler:27] - new session created!
2018-11-19 11:21:00 [NioProcessor-4] INFO  [com.push.handle.PushHandler:35] - 登录（sessionOpened）=========
2018-11-19 11:21:00 [NioProcessor-4] INFO  [com.push.handle.TransMessage:164] - 头数据：0000000110010000047901020F0000000000
2018-11-19 11:21:01 [NioProcessor-5] INFO  [com.push.handle.PushHandler:27] - new session created!
2018-11-19 11:21:01 [NioProcessor-5] INFO  [com.push.handle.PushHandler:35] - 登录（sessionOpened）=========
2018-11-19 11:21:01 [NioProcessor-5] INFO  [com.push.handle.TransMessage:164] - 头数据：0000000110010000047901020F0000000000
2018-11-19 11:21:01 [NioProcessor-4] INFO  [com.push.handle.PushHandler:78] - exceptionCaught====>Cannot get Jedis connection; nested exception is redis.clients.jedis.exceptions.JedisConnectionException: Could not get a resource from the pool
2018-11-19 11:21:01 [NioProcessor-4] INFO  [com.push.handle.PushHandler:65] - new session close!
2018-11-19 11:21:02 [NioProcessor-5] INFO  [com.push.handle.PushHandler:78] - exceptionCaught====>Cannot get Jedis connection; nested exception is redis.clients.jedis.exceptions.JedisConnectionException: Could not get a resource from the pool
2018-11-19 11:21:02 [NioProcessor-5] INFO  [com.push.handle.PushHandler:65] - new session close!
2018-11-19 11:21:05 [NioProcessor-1] INFO  [com.push.handle.PushHandler:27] - new session created!
2018-11-19 11:21:05 [NioProcessor-1] INFO  [com.push.handle.PushHandler:35] - 登录（sessionOpened）=========
2018-11-19 11:21:05 [NioProcessor-1] INFO  [com.push.handle.TransMessage:164] - 头数据：0000000110010000047901020F0000000000
2018-11-19 11:21:06 [NioProcessor-1] INFO  [com.push.handle.PushHandler:78] - exceptionCaught====>Cannot get Jedis connection; nested exception is redis.clients.jedis.exceptions.JedisConnectionException: Could not get a resource from the pool
2018-11-19 11:21:06 [NioProcessor-1] INFO  [com.push.handle.PushHandler:65] - new session close!
2018-11-19 11:22:13 [main] INFO  [com.push.StartPushService:33] - start push service .
2018-11-19 11:22:14 [NioProcessor-2] INFO  [com.push.handle.PushHandler:27] - new session created!
2018-11-19 11:22:14 [main] INFO  [com.push.handle.PushHandler:83] - connect sucess:
2018-11-19 11:22:14 [main] INFO  [com.push.handle.PushHandler:86] - connect com.push.handle.PushHandler for tcp
2018-11-19 11:22:14 [NioProcessor-2] INFO  [com.push.handle.PushHandler:35] - 登录（sessionOpened）=========
2018-11-19 11:22:14 [NioProcessor-2] INFO  [com.push.handle.TransMessage:164] - 头数据：0000000110010000047901020F0000000000
2018-11-19 11:22:15 [NioProcessor-2] INFO  [com.push.handle.PushHandler:54] - 车牌号=========京 QY09H9
2018-11-19 11:22:15 [NioProcessor-2] INFO  [com.push.handle.TransMessage:164] - 头数据：0000000112000000047901020F0000000000
2018-11-19 11:22:15 [NioProcessor-2] INFO  [com.push.handle.PushHandler:54] - 车牌号========= 京 QY10H2
2018-11-19 11:22:15 [NioProcessor-2] INFO  [com.push.handle.TransMessage:164] - 头数据：0000000112000000047901020F0000000000
2018-11-19 11:22:15 [NioProcessor-2] INFO  [com.push.handle.PushHandler:54] - 车牌号========= 京 QY10H2
2018-11-19 11:22:15 [NioProcessor-2] INFO  [com.push.handle.TransMessage:164] - 头数据：0000000112000000047901020F0000000000
2018-11-19 11:22:15 [NioProcessor-2] INFO  [com.push.handle.PushHandler:54] - 车牌号========= 京 QY10H2
2018-11-19 11:22:15 [NioProcessor-2] INFO  [com.push.handle.TransMessage:164] - 头数据：0000000112000000047901020F0000000000
2018-11-19 11:22:15 [NioProcessor-2] INFO  [com.push.handle.PushHandler:54] - 车牌号========= 京 QY10H7
2018-11-19 11:22:15 [NioProcessor-2] INFO  [com.push.handle.TransMessage:164] - 头数据：0000000112000000047901020F0000000000
2018-11-19 11:22:15 [NioProcessor-2] INFO  [com.push.handle.PushHandler:59] - 注册完毕=========》
2018-11-19 11:22:15 [NioProcessor-2] INFO  [com.push.handle.MessDecoder:46] - ---------解析服务端传回来的数据 MessageDecoderResult.OK -----------
2018-11-19 11:22:15 [NioProcessor-2] INFO  [com.push.handle.MessDecoder:46] - ---------解析服务端传回来的数据 MessageDecoderResult.OK -----------
2018-11-19 11:22:25 [NioProcessor-2] INFO  [com.push.handle.PushHandler:71] -  sessionIdle ------!
2018-11-19 11:22:35 [NioProcessor-2] INFO  [com.push.handle.PushHandler:71] -  sessionIdle ------!
2018-11-19 11:22:45 [NioProcessor-2] INFO  [com.push.handle.PushHandler:71] -  sessionIdle ------!
2018-11-19 11:22:55 [NioProcessor-2] INFO  [com.push.handle.PushHandler:71] -  sessionIdle ------!
2018-11-19 11:23:05 [NioProcessor-2] INFO  [com.push.handle.PushHandler:71] -  sessionIdle ------!
2018-11-19 11:23:15 [NioProcessor-2] INFO  [com.push.handle.PushHandler:71] -  sessionIdle ------!
2018-11-19 11:23:25 [NioProcessor-2] INFO  [com.push.handle.PushHandler:71] -  sessionIdle ------!
2018-11-19 11:23:35 [NioProcessor-2] INFO  [com.push.handle.PushHandler:71] -  sessionIdle ------!
2018-11-19 11:23:45 [NioProcessor-2] INFO  [com.push.handle.PushHandler:71] -  sessionIdle ------!
2018-11-19 11:23:55 [NioProcessor-2] INFO  [com.push.handle.PushHandler:71] -  sessionIdle ------!
2018-11-19 11:24:05 [NioProcessor-2] INFO  [com.push.handle.PushHandler:71] -  sessionIdle ------!
2018-11-19 11:24:15 [NioProcessor-2] INFO  [com.push.handle.PushHandler:71] -  sessionIdle ------!
2018-11-19 11:24:25 [NioProcessor-2] INFO  [com.push.handle.PushHandler:71] -  sessionIdle ------!
2018-11-19 11:24:35 [NioProcessor-2] INFO  [com.push.handle.PushHandler:71] -  sessionIdle ------!
2018-11-19 11:24:45 [NioProcessor-2] INFO  [com.push.handle.PushHandler:71] -  sessionIdle ------!
2018-11-19 11:24:55 [NioProcessor-2] INFO  [com.push.handle.PushHandler:71] -  sessionIdle ------!
2018-11-19 11:25:05 [NioProcessor-2] INFO  [com.push.handle.PushHandler:71] -  sessionIdle ------!
2018-11-19 11:25:15 [NioProcessor-2] INFO  [com.push.handle.PushHandler:71] -  sessionIdle ------!
2018-11-19 11:25:25 [NioProcessor-2] INFO  [com.push.handle.PushHandler:71] -  sessionIdle ------!
2018-11-19 11:25:35 [NioProcessor-2] INFO  [com.push.handle.PushHandler:71] -  sessionIdle ------!
2018-11-19 11:25:54 [main] INFO  [com.push.StartPushService:33] - start push service .
2018-11-19 11:25:55 [NioProcessor-2] INFO  [com.push.handle.PushHandler:27] - new session created!
2018-11-19 11:25:55 [NioProcessor-2] INFO  [com.push.handle.PushHandler:35] - 登录（sessionOpened）=========
2018-11-19 11:25:55 [main] INFO  [com.push.handle.PushHandler:83] - connect sucess:
2018-11-19 11:25:55 [main] INFO  [com.push.handle.PushHandler:86] - connect com.push.handle.PushHandler for tcp
2018-11-19 11:25:55 [NioProcessor-2] INFO  [com.push.handle.TransMessage:164] - 头数据：0000000110010000047901020F0000000000
2018-11-19 11:25:55 [NioProcessor-2] INFO  [com.push.handle.PushHandler:54] - 车牌号=========京 QY09H9
2018-11-19 11:25:55 [NioProcessor-2] INFO  [com.push.handle.TransMessage:164] - 头数据：0000000112000000047901020F0000000000
2018-11-19 11:25:55 [NioProcessor-2] INFO  [com.push.handle.PushHandler:54] - 车牌号========= 京 QY10H2
2018-11-19 11:25:55 [NioProcessor-2] INFO  [com.push.handle.TransMessage:164] - 头数据：0000000112000000047901020F0000000000
2018-11-19 11:25:55 [NioProcessor-2] INFO  [com.push.handle.PushHandler:54] - 车牌号========= 京 QY10H2
2018-11-19 11:25:55 [NioProcessor-2] INFO  [com.push.handle.TransMessage:164] - 头数据：0000000112000000047901020F0000000000
2018-11-19 11:25:55 [NioProcessor-2] INFO  [com.push.handle.PushHandler:54] - 车牌号========= 京 QY10H2
2018-11-19 11:25:55 [NioProcessor-2] INFO  [com.push.handle.TransMessage:164] - 头数据：0000000112000000047901020F0000000000
2018-11-19 11:25:55 [NioProcessor-2] INFO  [com.push.handle.PushHandler:54] - 车牌号========= 京 QY10H7
2018-11-19 11:25:55 [NioProcessor-2] INFO  [com.push.handle.TransMessage:164] - 头数据：0000000112000000047901020F0000000000
2018-11-19 11:25:55 [NioProcessor-2] INFO  [com.push.handle.PushHandler:59] - 注册完毕=========》
2018-11-19 11:25:55 [NioProcessor-2] INFO  [com.push.handle.MessDecoder:46] - ---------解析服务端传回来的数据 MessageDecoderResult.OK -----------
2018-11-19 11:25:56 [NioProcessor-2] INFO  [com.push.handle.MessDecoder:46] - ---------解析服务端传回来的数据 MessageDecoderResult.OK -----------
2018-11-19 11:26:00 [pool-1-thread-1] INFO  [com.push.handle.PushHandler:100] - sentPosition===========>
2018-11-19 11:26:06 [NioProcessor-2] INFO  [com.push.handle.PushHandler:71] -  sessionIdle ------!
2018-11-19 11:26:20 [NioProcessor-2] INFO  [com.push.handle.PushHandler:71] -  sessionIdle ------!
2018-11-19 11:26:31 [NioProcessor-2] INFO  [com.push.handle.PushHandler:71] -  sessionIdle ------!
2018-11-19 11:26:33 [pool-1-thread-1] INFO  [com.push.handle.PushHandler:122] - 实时===========> 京 QY10H7sn004
2018-11-19 11:26:39 [pool-1-thread-1] INFO  [com.push.handle.TransMessage:164] - 头数据：0000000112000000047901020F0000000000
2018-11-19 11:26:39 [pool-1-thread-1] ERROR [com.push.handle.TransMessage:305] - 纬度不在交通部规定范围之内设备号===sn004纬度===123.12
2018-11-19 11:26:39 [pool-1-thread-1] INFO  [com.push.handle.TransMessage:83] - ---------经纬度不在规定范围内 -----------
2018-11-19 11:26:43 [NioProcessor-2] INFO  [com.push.handle.PushHandler:71] -  sessionIdle ------!
2018-11-19 11:26:53 [NioProcessor-2] INFO  [com.push.handle.PushHandler:71] -  sessionIdle ------!
2018-11-19 11:27:00 [pool-1-thread-1] INFO  [com.push.handle.PushHandler:100] - sentPosition===========>
2018-11-19 11:27:02 [pool-1-thread-1] INFO  [com.push.handle.PushHandler:122] - 实时===========> 京 QY10H7sn004
2018-11-19 11:27:02 [pool-1-thread-1] INFO  [com.push.handle.TransMessage:164] - 头数据：0000000112000000047901020F0000000000
2018-11-19 11:27:02 [pool-1-thread-1] ERROR [com.push.handle.TransMessage:305] - 纬度不在交通部规定范围之内设备号===sn004纬度===123.12
2018-11-19 11:27:02 [pool-1-thread-1] INFO  [com.push.handle.TransMessage:83] - ---------经纬度不在规定范围内 -----------
2018-11-19 11:27:49 [main] INFO  [com.push.StartPushService:33] - start push service .
2018-11-19 11:27:50 [NioProcessor-2] INFO  [com.push.handle.PushHandler:27] - new session created!
2018-11-19 11:27:50 [NioProcessor-2] INFO  [com.push.handle.PushHandler:35] - 登录（sessionOpened）=========
2018-11-19 11:27:50 [main] INFO  [com.push.handle.PushHandler:83] - connect sucess:
2018-11-19 11:27:50 [main] INFO  [com.push.handle.PushHandler:86] - connect com.push.handle.PushHandler for tcp
2018-11-19 11:27:50 [NioProcessor-2] INFO  [com.push.handle.TransMessage:164] - 头数据：0000000110010000047901020F0000000000
2018-11-19 11:27:51 [NioProcessor-2] INFO  [com.push.handle.PushHandler:54] - 车牌号=========京 QY09H9
2018-11-19 11:27:51 [NioProcessor-2] INFO  [com.push.handle.TransMessage:164] - 头数据：0000000112000000047901020F0000000000
2018-11-19 11:27:51 [NioProcessor-2] INFO  [com.push.handle.PushHandler:54] - 车牌号========= 京 QY10H2
2018-11-19 11:27:51 [NioProcessor-2] INFO  [com.push.handle.TransMessage:164] - 头数据：0000000112000000047901020F0000000000
2018-11-19 11:27:51 [NioProcessor-2] INFO  [com.push.handle.PushHandler:54] - 车牌号========= 京 QY10H2
2018-11-19 11:27:51 [NioProcessor-2] INFO  [com.push.handle.TransMessage:164] - 头数据：0000000112000000047901020F0000000000
2018-11-19 11:27:51 [NioProcessor-2] INFO  [com.push.handle.PushHandler:54] - 车牌号========= 京 QY10H2
2018-11-19 11:27:51 [NioProcessor-2] INFO  [com.push.handle.TransMessage:164] - 头数据：0000000112000000047901020F0000000000
2018-11-19 11:27:51 [NioProcessor-2] INFO  [com.push.handle.PushHandler:54] - 车牌号========= 京 QY10H7
2018-11-19 11:27:51 [NioProcessor-2] INFO  [com.push.handle.TransMessage:164] - 头数据：0000000112000000047901020F0000000000
2018-11-19 11:27:51 [NioProcessor-2] INFO  [com.push.handle.PushHandler:59] - 注册完毕=========》
2018-11-19 11:27:51 [NioProcessor-2] INFO  [com.push.handle.MessDecoder:46] - ---------解析服务端传回来的数据 MessageDecoderResult.OK -----------
2018-11-19 11:27:51 [NioProcessor-2] INFO  [com.push.handle.MessDecoder:46] - ---------解析服务端传回来的数据 MessageDecoderResult.OK -----------
2018-11-19 11:28:00 [pool-1-thread-1] INFO  [com.push.handle.PushHandler:100] - sentPosition===========>
2018-11-19 11:28:01 [NioProcessor-2] INFO  [com.push.handle.PushHandler:71] -  sessionIdle ------!
2018-11-19 11:28:14 [NioProcessor-2] INFO  [com.push.handle.PushHandler:71] -  sessionIdle ------!
2018-11-19 11:28:15 [pool-1-thread-1] INFO  [com.push.handle.PushHandler:122] - 实时===========> 京 QY10H7sn004
2018-11-19 11:28:16 [pool-1-thread-1] INFO  [com.push.handle.TransMessage:164] - 头数据：0000000112000000047901020F0000000000
2018-11-19 11:28:19 [pool-1-thread-1] INFO  [com.push.handle.PushHandler:126] - 实时1===========> 京 QY10H7sn004
2018-11-19 11:28:25 [NioProcessor-2] INFO  [com.push.handle.PushHandler:71] -  sessionIdle ------!
2018-11-19 11:29:16 [main] INFO  [com.push.StartPushService:33] - start push service .
2018-11-19 11:29:17 [NioProcessor-2] INFO  [com.push.handle.PushHandler:27] - new session created!
2018-11-19 11:29:17 [NioProcessor-2] INFO  [com.push.handle.PushHandler:35] - 登录（sessionOpened）=========
2018-11-19 11:29:17 [NioProcessor-2] INFO  [com.push.handle.TransMessage:164] - 头数据：0000000110010000047901020F0000000000
2018-11-19 11:29:17 [main] INFO  [com.push.handle.PushHandler:83] - connect sucess:
2018-11-19 11:29:17 [main] INFO  [com.push.handle.PushHandler:86] - connect com.push.handle.PushHandler for tcp
2018-11-19 11:29:17 [NioProcessor-2] INFO  [com.push.handle.PushHandler:54] - 车牌号=========京 QY09H9
2018-11-19 11:29:17 [NioProcessor-2] INFO  [com.push.handle.TransMessage:164] - 头数据：0000000112000000047901020F0000000000
2018-11-19 11:29:17 [NioProcessor-2] INFO  [com.push.handle.PushHandler:54] - 车牌号========= 京 QU9U69
2018-11-19 11:29:17 [NioProcessor-2] INFO  [com.push.handle.TransMessage:164] - 头数据：0000000112000000047901020F0000000000
2018-11-19 11:29:17 [NioProcessor-2] INFO  [com.push.handle.PushHandler:54] - 车牌号========= 京 QY10H1
2018-11-19 11:29:17 [NioProcessor-2] INFO  [com.push.handle.TransMessage:164] - 头数据：0000000112000000047901020F0000000000
2018-11-19 11:29:17 [NioProcessor-2] INFO  [com.push.handle.PushHandler:54] - 车牌号========= 京 QY10H2
2018-11-19 11:29:17 [NioProcessor-2] INFO  [com.push.handle.TransMessage:164] - 头数据：0000000112000000047901020F0000000000
2018-11-19 11:29:17 [NioProcessor-2] INFO  [com.push.handle.PushHandler:54] - 车牌号========= 京 QY10H7
2018-11-19 11:29:17 [NioProcessor-2] INFO  [com.push.handle.TransMessage:164] - 头数据：0000000112000000047901020F0000000000
2018-11-19 11:29:17 [NioProcessor-2] INFO  [com.push.handle.PushHandler:59] - 注册完毕=========》
2018-11-19 11:29:17 [NioProcessor-2] INFO  [com.push.handle.MessDecoder:46] - ---------解析服务端传回来的数据 MessageDecoderResult.OK -----------
2018-11-19 11:29:17 [NioProcessor-2] INFO  [com.push.handle.MessDecoder:46] - ---------解析服务端传回来的数据 MessageDecoderResult.OK -----------
2018-11-19 11:29:27 [NioProcessor-2] INFO  [com.push.handle.PushHandler:71] -  sessionIdle ------!
2018-11-19 11:29:37 [NioProcessor-2] INFO  [com.push.handle.PushHandler:71] -  sessionIdle ------!
2018-11-19 11:29:47 [NioProcessor-2] INFO  [com.push.handle.PushHandler:71] -  sessionIdle ------!
2018-11-19 11:29:57 [NioProcessor-2] INFO  [com.push.handle.PushHandler:71] -  sessionIdle ------!
2018-11-19 11:30:00 [pool-1-thread-1] INFO  [com.push.handle.PushHandler:100] - sentPosition===========>
2018-11-19 11:30:03 [pool-1-thread-1] INFO  [com.push.handle.PushHandler:122] - 实时===========> 京 QY10H7sn004
2018-11-19 11:30:03 [pool-1-thread-1] INFO  [com.push.handle.TransMessage:164] - 头数据：0000000112000000047901020F0000000000
2018-11-19 11:30:03 [pool-1-thread-1] INFO  [com.push.handle.PushHandler:126] - 实时1===========> 京 QY10H7sn004
2018-11-19 13:18:48 [main] INFO  [com.push.StartPushService:33] - start push service .
2018-11-19 13:18:49 [NioProcessor-2] INFO  [com.push.handle.PushHandler:27] - new session created!
2018-11-19 13:18:49 [NioProcessor-2] INFO  [com.push.handle.PushHandler:35] - 登录（sessionOpened）=========
2018-11-19 13:18:49 [main] INFO  [com.push.handle.PushHandler:83] - connect sucess:
2018-11-19 13:18:49 [NioProcessor-2] INFO  [com.push.handle.TransMessage:164] - 头数据：0000000110010000047901020F0000000000
2018-11-19 13:18:49 [main] INFO  [com.push.handle.PushHandler:86] - connect com.push.handle.PushHandler for tcp
2018-11-19 13:18:50 [NioProcessor-2] INFO  [com.push.handle.PushHandler:54] - 车牌号=========京 QY09H9
2018-11-19 13:18:50 [NioProcessor-2] INFO  [com.push.handle.TransMessage:164] - 头数据：0000000112000000047901020F0000000000
2018-11-19 13:18:50 [NioProcessor-2] INFO  [com.push.handle.PushHandler:54] - 车牌号========= 京 QU9U69
2018-11-19 13:18:50 [NioProcessor-2] INFO  [com.push.handle.TransMessage:164] - 头数据：0000000112000000047901020F0000000000
2018-11-19 13:18:50 [NioProcessor-2] INFO  [com.push.handle.PushHandler:54] - 车牌号========= 京 QY10H1
2018-11-19 13:18:50 [NioProcessor-2] INFO  [com.push.handle.TransMessage:164] - 头数据：0000000112000000047901020F0000000000
2018-11-19 13:18:50 [NioProcessor-2] INFO  [com.push.handle.PushHandler:54] - 车牌号========= 京 QY10H2
2018-11-19 13:18:50 [NioProcessor-2] INFO  [com.push.handle.TransMessage:164] - 头数据：0000000112000000047901020F0000000000
2018-11-19 13:18:50 [NioProcessor-2] INFO  [com.push.handle.PushHandler:54] - 车牌号========= 京 QY10H7
2018-11-19 13:18:50 [NioProcessor-2] INFO  [com.push.handle.TransMessage:164] - 头数据：0000000112000000047901020F0000000000
2018-11-19 13:18:50 [NioProcessor-2] INFO  [com.push.handle.PushHandler:59] - 注册完毕=========》
2018-11-19 13:18:50 [NioProcessor-2] INFO  [com.push.handle.MessDecoder:46] - ---------解析服务端传回来的数据 MessageDecoderResult.OK -----------
2018-11-19 13:18:50 [NioProcessor-2] INFO  [com.push.handle.MessDecoder:46] - ---------解析服务端传回来的数据 MessageDecoderResult.OK -----------
2018-11-19 13:19:00 [pool-1-thread-1] INFO  [com.push.handle.PushHandler:100] - sentPosition===========>
2018-11-19 13:19:00 [pool-1-thread-1] INFO  [com.push.handle.PushHandler:122] - 实时===========> 京 QY10H7sn004
2018-11-19 13:19:00 [pool-1-thread-1] INFO  [com.push.handle.TransMessage:164] - 头数据：0000000112000000047901020F0000000000
2018-11-19 13:19:00 [pool-1-thread-1] INFO  [com.push.handle.PushHandler:126] - 实时1===========> 京 QY10H7sn004
2018-11-19 13:19:01 [NioProcessor-2] INFO  [com.push.handle.PushHandler:71] -  sessionIdle ------!
2018-11-19 13:19:11 [NioProcessor-2] INFO  [com.push.handle.PushHandler:71] -  sessionIdle ------!
2018-11-19 13:19:21 [NioProcessor-2] INFO  [com.push.handle.PushHandler:71] -  sessionIdle ------!
2018-11-19 13:19:31 [NioProcessor-2] INFO  [com.push.handle.PushHandler:71] -  sessionIdle ------!
2018-11-19 13:19:41 [NioProcessor-2] INFO  [com.push.handle.PushHandler:71] -  sessionIdle ------!
2018-11-19 13:19:51 [NioProcessor-2] INFO  [com.push.handle.PushHandler:71] -  sessionIdle ------!
2018-11-19 13:20:00 [pool-1-thread-1] INFO  [com.push.handle.PushHandler:100] - sentPosition===========>
2018-11-19 13:20:00 [pool-1-thread-1] INFO  [com.push.handle.PushHandler:122] - 实时===========> 京 QY10H7sn004
2018-11-19 13:20:00 [pool-1-thread-1] INFO  [com.push.handle.TransMessage:164] - 头数据：0000000112000000047901020F0000000000
2018-11-19 13:20:00 [pool-1-thread-1] INFO  [com.push.handle.PushHandler:126] - 实时1===========> 京 QY10H7sn004
2018-11-19 13:20:02 [NioProcessor-2] INFO  [com.push.handle.PushHandler:71] -  sessionIdle ------!
2018-11-19 13:20:12 [NioProcessor-2] INFO  [com.push.handle.PushHandler:71] -  sessionIdle ------!
2018-11-19 13:20:22 [NioProcessor-2] INFO  [com.push.handle.PushHandler:71] -  sessionIdle ------!
2018-11-19 13:20:32 [NioProcessor-2] INFO  [com.push.handle.PushHandler:71] -  sessionIdle ------!
2018-11-19 13:20:42 [NioProcessor-2] INFO  [com.push.handle.PushHandler:71] -  sessionIdle ------!
2018-11-19 13:20:52 [NioProcessor-2] INFO  [com.push.handle.PushHandler:71] -  sessionIdle ------!
2018-11-19 13:21:00 [pool-1-thread-1] INFO  [com.push.handle.PushHandler:100] - sentPosition===========>
2018-11-19 13:21:00 [pool-1-thread-1] INFO  [com.push.handle.PushHandler:122] - 实时===========> 京 QY10H7sn004
2018-11-19 13:21:00 [pool-1-thread-1] INFO  [com.push.handle.TransMessage:164] - 头数据：0000000112000000047901020F0000000000
2018-11-19 13:21:00 [pool-1-thread-1] INFO  [com.push.handle.PushHandler:126] - 实时1===========> 京 QY10H7sn004
2018-11-19 13:21:03 [NioProcessor-2] INFO  [com.push.handle.PushHandler:71] -  sessionIdle ------!
2018-11-19 13:21:13 [NioProcessor-2] INFO  [com.push.handle.PushHandler:71] -  sessionIdle ------!
2018-11-19 13:21:23 [NioProcessor-2] INFO  [com.push.handle.PushHandler:71] -  sessionIdle ------!
2018-11-19 13:21:33 [NioProcessor-2] INFO  [com.push.handle.PushHandler:71] -  sessionIdle ------!
2018-11-19 13:21:43 [NioProcessor-2] INFO  [com.push.handle.PushHandler:71] -  sessionIdle ------!
2018-11-19 13:21:53 [NioProcessor-2] INFO  [com.push.handle.PushHandler:71] -  sessionIdle ------!
2018-11-19 13:22:00 [pool-1-thread-1] INFO  [com.push.handle.PushHandler:100] - sentPosition===========>
2018-11-19 13:22:00 [pool-1-thread-1] INFO  [com.push.handle.PushHandler:122] - 实时===========> 京 QY10H7sn004
2018-11-19 13:22:00 [pool-1-thread-1] INFO  [com.push.handle.TransMessage:164] - 头数据：0000000112000000047901020F0000000000
2018-11-19 13:22:00 [pool-1-thread-1] INFO  [com.push.handle.PushHandler:126] - 实时1===========> 京 QY10H7sn004
2018-11-19 13:22:04 [NioProcessor-2] INFO  [com.push.handle.PushHandler:71] -  sessionIdle ------!
2018-11-19 13:22:14 [NioProcessor-2] INFO  [com.push.handle.PushHandler:71] -  sessionIdle ------!
2018-11-19 13:22:24 [NioProcessor-2] INFO  [com.push.handle.PushHandler:71] -  sessionIdle ------!
2018-11-19 13:22:34 [NioProcessor-2] INFO  [com.push.handle.PushHandler:71] -  sessionIdle ------!
2018-11-19 13:22:44 [NioProcessor-2] INFO  [com.push.handle.PushHandler:71] -  sessionIdle ------!
2018-11-19 13:22:54 [NioProcessor-2] INFO  [com.push.handle.PushHandler:71] -  sessionIdle ------!
2018-11-19 13:23:00 [pool-1-thread-1] INFO  [com.push.handle.PushHandler:100] - sentPosition===========>
2018-11-19 13:23:00 [pool-1-thread-1] INFO  [com.push.handle.PushHandler:122] - 实时===========> 京 QY10H7sn004
2018-11-19 13:23:00 [pool-1-thread-1] INFO  [com.push.handle.TransMessage:164] - 头数据：0000000112000000047901020F0000000000
2018-11-19 13:23:00 [pool-1-thread-1] INFO  [com.push.handle.PushHandler:126] - 实时1===========> 京 QY10H7sn004
2018-11-19 13:23:05 [NioProcessor-2] INFO  [com.push.handle.PushHandler:71] -  sessionIdle ------!
2018-11-19 13:23:15 [NioProcessor-2] INFO  [com.push.handle.PushHandler:71] -  sessionIdle ------!
2018-11-19 13:23:25 [NioProcessor-2] INFO  [com.push.handle.PushHandler:71] -  sessionIdle ------!
2018-11-19 13:23:35 [NioProcessor-2] INFO  [com.push.handle.PushHandler:71] -  sessionIdle ------!
2018-11-19 13:23:45 [NioProcessor-2] INFO  [com.push.handle.PushHandler:71] -  sessionIdle ------!
2018-11-19 13:23:55 [NioProcessor-2] INFO  [com.push.handle.PushHandler:71] -  sessionIdle ------!
2018-11-19 13:24:00 [pool-1-thread-1] INFO  [com.push.handle.PushHandler:100] - sentPosition===========>
2018-11-19 13:24:00 [pool-1-thread-1] INFO  [com.push.handle.PushHandler:122] - 实时===========> 京 QY10H7sn004
2018-11-19 13:24:00 [pool-1-thread-1] INFO  [com.push.handle.TransMessage:164] - 头数据：0000000112000000047901020F0000000000
2018-11-19 13:24:00 [pool-1-thread-1] INFO  [com.push.handle.PushHandler:126] - 实时1===========> 京 QY10H7sn004
2018-11-19 13:24:06 [NioProcessor-2] INFO  [com.push.handle.PushHandler:71] -  sessionIdle ------!
2018-11-19 13:24:16 [NioProcessor-2] INFO  [com.push.handle.PushHandler:71] -  sessionIdle ------!
2018-11-19 13:24:26 [NioProcessor-2] INFO  [com.push.handle.PushHandler:71] -  sessionIdle ------!
2018-11-19 13:24:36 [NioProcessor-2] INFO  [com.push.handle.PushHandler:71] -  sessionIdle ------!
2018-11-19 13:24:46 [NioProcessor-2] INFO  [com.push.handle.PushHandler:71] -  sessionIdle ------!
2018-11-19 13:24:56 [NioProcessor-2] INFO  [com.push.handle.PushHandler:71] -  sessionIdle ------!
2018-11-19 13:25:00 [pool-1-thread-1] INFO  [com.push.handle.PushHandler:100] - sentPosition===========>
2018-11-19 13:25:00 [pool-1-thread-1] INFO  [com.push.handle.PushHandler:122] - 实时===========> 京 QY10H7sn004
2018-11-19 13:25:00 [pool-1-thread-1] INFO  [com.push.handle.TransMessage:164] - 头数据：0000000112000000047901020F0000000000
2018-11-19 13:25:00 [pool-1-thread-1] INFO  [com.push.handle.PushHandler:126] - 实时1===========> 京 QY10H7sn004
2018-11-19 13:25:07 [NioProcessor-2] INFO  [com.push.handle.PushHandler:71] -  sessionIdle ------!
2018-11-19 13:25:17 [NioProcessor-2] INFO  [com.push.handle.PushHandler:71] -  sessionIdle ------!
2018-11-19 13:25:27 [NioProcessor-2] INFO  [com.push.handle.PushHandler:71] -  sessionIdle ------!
2018-11-19 13:25:37 [NioProcessor-2] INFO  [com.push.handle.PushHandler:71] -  sessionIdle ------!
2018-11-19 13:25:47 [NioProcessor-2] INFO  [com.push.handle.PushHandler:71] -  sessionIdle ------!
2018-11-19 13:25:57 [NioProcessor-2] INFO  [com.push.handle.PushHandler:71] -  sessionIdle ------!
2018-11-19 13:26:00 [pool-1-thread-1] INFO  [com.push.handle.PushHandler:100] - sentPosition===========>
2018-11-19 13:26:00 [pool-1-thread-1] INFO  [com.push.handle.PushHandler:122] - 实时===========> 京 QY10H7sn004
2018-11-19 13:26:00 [pool-1-thread-1] INFO  [com.push.handle.TransMessage:164] - 头数据：0000000112000000047901020F0000000000
2018-11-19 13:26:00 [pool-1-thread-1] INFO  [com.push.handle.PushHandler:126] - 实时1===========> 京 QY10H7sn004
2018-11-19 13:26:08 [NioProcessor-2] INFO  [com.push.handle.PushHandler:71] -  sessionIdle ------!
2018-11-19 13:26:18 [NioProcessor-2] INFO  [com.push.handle.PushHandler:71] -  sessionIdle ------!
2018-11-19 13:26:28 [NioProcessor-2] INFO  [com.push.handle.PushHandler:71] -  sessionIdle ------!
2018-11-19 13:26:38 [NioProcessor-2] INFO  [com.push.handle.PushHandler:71] -  sessionIdle ------!
2018-11-19 13:26:48 [NioProcessor-2] INFO  [com.push.handle.PushHandler:71] -  sessionIdle ------!
2018-11-19 13:26:58 [NioProcessor-2] INFO  [com.push.handle.PushHandler:71] -  sessionIdle ------!
2018-11-19 13:27:00 [pool-1-thread-1] INFO  [com.push.handle.PushHandler:100] - sentPosition===========>
2018-11-19 13:27:00 [pool-1-thread-1] INFO  [com.push.handle.PushHandler:122] - 实时===========> 京 QY10H7sn004
2018-11-19 13:27:00 [pool-1-thread-1] INFO  [com.push.handle.TransMessage:164] - 头数据：0000000112000000047901020F0000000000
2018-11-19 13:27:00 [pool-1-thread-1] INFO  [com.push.handle.PushHandler:126] - 实时1===========> 京 QY10H7sn004
2018-11-19 13:27:09 [NioProcessor-2] INFO  [com.push.handle.PushHandler:71] -  sessionIdle ------!
2018-11-19 13:27:19 [NioProcessor-2] INFO  [com.push.handle.PushHandler:71] -  sessionIdle ------!
2018-11-19 13:27:29 [NioProcessor-2] INFO  [com.push.handle.PushHandler:71] -  sessionIdle ------!
2018-11-19 13:27:39 [NioProcessor-2] INFO  [com.push.handle.PushHandler:71] -  sessionIdle ------!
2018-11-19 13:27:49 [NioProcessor-2] INFO  [com.push.handle.PushHandler:71] -  sessionIdle ------!
2018-11-19 13:27:59 [NioProcessor-2] INFO  [com.push.handle.PushHandler:71] -  sessionIdle ------!
2018-11-19 13:28:00 [pool-1-thread-1] INFO  [com.push.handle.PushHandler:100] - sentPosition===========>
2018-11-19 13:28:00 [pool-1-thread-1] INFO  [com.push.handle.PushHandler:122] - 实时===========> 京 QY10H7sn004
2018-11-19 13:28:00 [pool-1-thread-1] INFO  [com.push.handle.TransMessage:164] - 头数据：0000000112000000047901020F0000000000
2018-11-19 13:28:00 [pool-1-thread-1] INFO  [com.push.handle.PushHandler:126] - 实时1===========> 京 QY10H7sn004
2018-11-19 13:28:10 [NioProcessor-2] INFO  [com.push.handle.PushHandler:71] -  sessionIdle ------!
2018-11-19 13:28:20 [NioProcessor-2] INFO  [com.push.handle.PushHandler:71] -  sessionIdle ------!
2018-11-19 13:28:30 [NioProcessor-2] INFO  [com.push.handle.PushHandler:71] -  sessionIdle ------!
2018-11-19 13:28:40 [NioProcessor-2] INFO  [com.push.handle.PushHandler:71] -  sessionIdle ------!
2018-11-19 13:28:50 [NioProcessor-2] INFO  [com.push.handle.PushHandler:71] -  sessionIdle ------!
2018-11-19 13:29:00 [pool-1-thread-1] INFO  [com.push.handle.PushHandler:100] - sentPosition===========>
2018-11-19 13:29:00 [pool-1-thread-1] INFO  [com.push.handle.PushHandler:122] - 实时===========> 京 QY10H7sn004
2018-11-19 13:29:00 [pool-1-thread-1] INFO  [com.push.handle.TransMessage:164] - 头数据：0000000112000000047901020F0000000000
2018-11-19 13:29:00 [pool-1-thread-1] INFO  [com.push.handle.PushHandler:126] - 实时1===========> 京 QY10H7sn004
2018-11-19 13:29:01 [NioProcessor-2] INFO  [com.push.handle.PushHandler:71] -  sessionIdle ------!
2018-11-19 13:29:11 [NioProcessor-2] INFO  [com.push.handle.PushHandler:71] -  sessionIdle ------!
2018-11-19 13:29:21 [NioProcessor-2] INFO  [com.push.handle.PushHandler:71] -  sessionIdle ------!
2018-11-19 13:29:31 [NioProcessor-2] INFO  [com.push.handle.PushHandler:71] -  sessionIdle ------!
2018-11-19 13:29:41 [NioProcessor-2] INFO  [com.push.handle.PushHandler:71] -  sessionIdle ------!
2018-11-19 13:29:51 [NioProcessor-2] INFO  [com.push.handle.PushHandler:71] -  sessionIdle ------!
2018-11-19 13:30:00 [pool-1-thread-1] INFO  [com.push.handle.PushHandler:100] - sentPosition===========>
2018-11-19 13:30:00 [pool-1-thread-1] INFO  [com.push.handle.PushHandler:122] - 实时===========> 京 QY10H7sn004
2018-11-19 13:30:00 [pool-1-thread-1] INFO  [com.push.handle.TransMessage:164] - 头数据：0000000112000000047901020F0000000000
2018-11-19 13:30:00 [pool-1-thread-1] INFO  [com.push.handle.PushHandler:126] - 实时1===========> 京 QY10H7sn004
2018-11-19 13:30:02 [NioProcessor-2] INFO  [com.push.handle.PushHandler:71] -  sessionIdle ------!
2018-11-19 13:30:12 [NioProcessor-2] INFO  [com.push.handle.PushHandler:71] -  sessionIdle ------!
2018-11-19 13:30:22 [NioProcessor-2] INFO  [com.push.handle.PushHandler:71] -  sessionIdle ------!
2018-11-19 13:30:32 [NioProcessor-2] INFO  [com.push.handle.PushHandler:71] -  sessionIdle ------!
2018-11-19 13:30:42 [NioProcessor-2] INFO  [com.push.handle.PushHandler:71] -  sessionIdle ------!
2018-11-19 13:30:52 [NioProcessor-2] INFO  [com.push.handle.PushHandler:71] -  sessionIdle ------!
2018-11-19 13:31:00 [pool-1-thread-1] INFO  [com.push.handle.PushHandler:100] - sentPosition===========>
2018-11-19 13:31:00 [pool-1-thread-1] INFO  [com.push.handle.PushHandler:122] - 实时===========> 京 QY10H7sn004
2018-11-19 13:31:00 [pool-1-thread-1] INFO  [com.push.handle.TransMessage:164] - 头数据：0000000112000000047901020F0000000000
2018-11-19 13:31:00 [pool-1-thread-1] INFO  [com.push.handle.PushHandler:126] - 实时1===========> 京 QY10H7sn004
2018-11-19 13:31:03 [NioProcessor-2] INFO  [com.push.handle.PushHandler:71] -  sessionIdle ------!
2018-11-19 13:31:13 [NioProcessor-2] INFO  [com.push.handle.PushHandler:71] -  sessionIdle ------!
2018-11-19 13:31:23 [NioProcessor-2] INFO  [com.push.handle.PushHandler:71] -  sessionIdle ------!
2018-11-19 13:31:33 [NioProcessor-2] INFO  [com.push.handle.PushHandler:71] -  sessionIdle ------!
2018-11-19 13:31:43 [NioProcessor-2] INFO  [com.push.handle.PushHandler:71] -  sessionIdle ------!
2018-11-19 13:31:53 [NioProcessor-2] INFO  [com.push.handle.PushHandler:71] -  sessionIdle ------!
2018-11-19 13:32:00 [pool-1-thread-1] INFO  [com.push.handle.PushHandler:100] - sentPosition===========>
2018-11-19 13:32:00 [pool-1-thread-1] INFO  [com.push.handle.PushHandler:122] - 实时===========> 京 QY10H7sn004
2018-11-19 13:32:00 [pool-1-thread-1] INFO  [com.push.handle.TransMessage:164] - 头数据：0000000112000000047901020F0000000000
2018-11-19 13:32:00 [pool-1-thread-1] INFO  [com.push.handle.PushHandler:126] - 实时1===========> 京 QY10H7sn004
2018-11-19 13:32:04 [NioProcessor-2] INFO  [com.push.handle.PushHandler:71] -  sessionIdle ------!
2018-11-19 13:32:14 [NioProcessor-2] INFO  [com.push.handle.PushHandler:71] -  sessionIdle ------!
2018-11-19 13:32:24 [NioProcessor-2] INFO  [com.push.handle.PushHandler:71] -  sessionIdle ------!
2018-11-19 13:32:34 [NioProcessor-2] INFO  [com.push.handle.PushHandler:71] -  sessionIdle ------!
2018-11-19 13:32:44 [NioProcessor-2] INFO  [com.push.handle.PushHandler:71] -  sessionIdle ------!
2018-11-19 13:32:54 [NioProcessor-2] INFO  [com.push.handle.PushHandler:71] -  sessionIdle ------!
2018-11-19 13:33:00 [pool-1-thread-1] INFO  [com.push.handle.PushHandler:100] - sentPosition===========>
2018-11-19 13:33:00 [pool-1-thread-1] INFO  [com.push.handle.PushHandler:122] - 实时===========> 京 QY10H7sn004
2018-11-19 13:33:00 [pool-1-thread-1] INFO  [com.push.handle.TransMessage:164] - 头数据：0000000112000000047901020F0000000000
2018-11-19 13:33:00 [pool-1-thread-1] INFO  [com.push.handle.PushHandler:126] - 实时1===========> 京 QY10H7sn004
2018-11-19 13:33:05 [NioProcessor-2] INFO  [com.push.handle.PushHandler:71] -  sessionIdle ------!
2018-11-19 13:33:15 [NioProcessor-2] INFO  [com.push.handle.PushHandler:71] -  sessionIdle ------!
2018-11-19 13:33:25 [NioProcessor-2] INFO  [com.push.handle.PushHandler:71] -  sessionIdle ------!
2018-11-19 13:33:35 [NioProcessor-2] INFO  [com.push.handle.PushHandler:71] -  sessionIdle ------!
2018-11-19 13:33:45 [NioProcessor-2] INFO  [com.push.handle.PushHandler:71] -  sessionIdle ------!
2018-11-19 13:33:55 [NioProcessor-2] INFO  [com.push.handle.PushHandler:71] -  sessionIdle ------!
2018-11-19 13:34:00 [pool-1-thread-1] INFO  [com.push.handle.PushHandler:100] - sentPosition===========>
2018-11-19 13:34:00 [pool-1-thread-1] INFO  [com.push.handle.PushHandler:122] - 实时===========> 京 QY10H7sn004
2018-11-19 13:34:00 [pool-1-thread-1] INFO  [com.push.handle.TransMessage:164] - 头数据：0000000112000000047901020F0000000000
2018-11-19 13:34:00 [pool-1-thread-1] INFO  [com.push.handle.PushHandler:126] - 实时1===========> 京 QY10H7sn004
2018-11-19 13:34:06 [NioProcessor-2] INFO  [com.push.handle.PushHandler:71] -  sessionIdle ------!
2018-11-19 13:34:16 [NioProcessor-2] INFO  [com.push.handle.PushHandler:71] -  sessionIdle ------!
2018-11-19 13:34:26 [NioProcessor-2] INFO  [com.push.handle.PushHandler:71] -  sessionIdle ------!
2018-11-19 13:34:36 [NioProcessor-2] INFO  [com.push.handle.PushHandler:71] -  sessionIdle ------!
2018-11-19 13:34:46 [NioProcessor-2] INFO  [com.push.handle.PushHandler:71] -  sessionIdle ------!
2018-11-19 13:34:56 [NioProcessor-2] INFO  [com.push.handle.PushHandler:71] -  sessionIdle ------!
2018-11-19 13:35:00 [pool-1-thread-1] INFO  [com.push.handle.PushHandler:100] - sentPosition===========>
2018-11-19 13:35:00 [pool-1-thread-1] INFO  [com.push.handle.PushHandler:122] - 实时===========> 京 QY10H7sn004
2018-11-19 13:35:00 [pool-1-thread-1] INFO  [com.push.handle.TransMessage:164] - 头数据：0000000112000000047901020F0000000000
2018-11-19 13:35:00 [pool-1-thread-1] INFO  [com.push.handle.PushHandler:126] - 实时1===========> 京 QY10H7sn004
2018-11-19 13:35:07 [NioProcessor-2] INFO  [com.push.handle.PushHandler:71] -  sessionIdle ------!
2018-11-19 13:35:17 [NioProcessor-2] INFO  [com.push.handle.PushHandler:71] -  sessionIdle ------!
2018-11-19 13:35:27 [NioProcessor-2] INFO  [com.push.handle.PushHandler:71] -  sessionIdle ------!
2018-11-19 13:35:37 [NioProcessor-2] INFO  [com.push.handle.PushHandler:71] -  sessionIdle ------!
2018-11-19 13:35:47 [NioProcessor-2] INFO  [com.push.handle.PushHandler:71] -  sessionIdle ------!
2018-11-19 13:35:57 [NioProcessor-2] INFO  [com.push.handle.PushHandler:71] -  sessionIdle ------!
2018-11-19 13:36:00 [pool-1-thread-1] INFO  [com.push.handle.PushHandler:100] - sentPosition===========>
2018-11-19 13:36:00 [pool-1-thread-1] INFO  [com.push.handle.PushHandler:122] - 实时===========> 京 QY10H7sn004
2018-11-19 13:36:00 [pool-1-thread-1] INFO  [com.push.handle.TransMessage:164] - 头数据：0000000112000000047901020F0000000000
2018-11-19 13:36:00 [pool-1-thread-1] INFO  [com.push.handle.PushHandler:126] - 实时1===========> 京 QY10H7sn004
2018-11-19 13:36:08 [NioProcessor-2] INFO  [com.push.handle.PushHandler:71] -  sessionIdle ------!
2018-11-19 13:36:18 [NioProcessor-2] INFO  [com.push.handle.PushHandler:71] -  sessionIdle ------!
2018-11-19 13:36:28 [NioProcessor-2] INFO  [com.push.handle.PushHandler:71] -  sessionIdle ------!
2018-11-19 13:36:38 [NioProcessor-2] INFO  [com.push.handle.PushHandler:71] -  sessionIdle ------!
2018-11-19 13:36:48 [NioProcessor-2] INFO  [com.push.handle.PushHandler:71] -  sessionIdle ------!
2018-11-19 13:36:58 [NioProcessor-2] INFO  [com.push.handle.PushHandler:71] -  sessionIdle ------!
2018-11-19 13:37:00 [pool-1-thread-1] INFO  [com.push.handle.PushHandler:100] - sentPosition===========>
2018-11-19 13:37:00 [pool-1-thread-1] INFO  [com.push.handle.PushHandler:122] - 实时===========> 京 QY10H7sn004
2018-11-19 13:37:00 [pool-1-thread-1] INFO  [com.push.handle.TransMessage:164] - 头数据：0000000112000000047901020F0000000000
2018-11-19 13:37:00 [pool-1-thread-1] INFO  [com.push.handle.PushHandler:126] - 实时1===========> 京 QY10H7sn004
2018-11-19 13:37:09 [NioProcessor-2] INFO  [com.push.handle.PushHandler:71] -  sessionIdle ------!
2018-11-19 13:37:19 [NioProcessor-2] INFO  [com.push.handle.PushHandler:71] -  sessionIdle ------!
2018-11-19 13:37:29 [NioProcessor-2] INFO  [com.push.handle.PushHandler:71] -  sessionIdle ------!
2018-11-19 13:37:39 [NioProcessor-2] INFO  [com.push.handle.PushHandler:71] -  sessionIdle ------!
2018-11-19 13:37:49 [NioProcessor-2] INFO  [com.push.handle.PushHandler:71] -  sessionIdle ------!
2018-11-19 13:37:59 [NioProcessor-2] INFO  [com.push.handle.PushHandler:71] -  sessionIdle ------!
2018-11-19 13:38:00 [pool-1-thread-1] INFO  [com.push.handle.PushHandler:100] - sentPosition===========>
2018-11-19 13:38:00 [pool-1-thread-1] INFO  [com.push.handle.PushHandler:122] - 实时===========> 京 QY10H7sn004
2018-11-19 13:38:00 [pool-1-thread-1] INFO  [com.push.handle.TransMessage:164] - 头数据：0000000112000000047901020F0000000000
2018-11-19 13:38:00 [pool-1-thread-1] INFO  [com.push.handle.PushHandler:126] - 实时1===========> 京 QY10H7sn004
2018-11-19 13:38:10 [NioProcessor-2] INFO  [com.push.handle.PushHandler:71] -  sessionIdle ------!
2018-11-19 13:38:20 [NioProcessor-2] INFO  [com.push.handle.PushHandler:71] -  sessionIdle ------!
2018-11-19 13:38:30 [NioProcessor-2] INFO  [com.push.handle.PushHandler:71] -  sessionIdle ------!
2018-11-19 13:38:43 [main] INFO  [com.push.StartPushService:33] - start push service .
2018-11-19 13:38:44 [NioProcessor-2] INFO  [com.push.handle.PushHandler:27] - new session created!
2018-11-19 13:38:44 [NioProcessor-2] INFO  [com.push.handle.PushHandler:35] - 登录（sessionOpened）=========
2018-11-19 13:38:44 [main] INFO  [com.push.handle.PushHandler:83] - connect sucess:
2018-11-19 13:38:44 [main] INFO  [com.push.handle.PushHandler:86] - connect com.push.handle.PushHandler for tcp
2018-11-19 13:38:44 [NioProcessor-2] INFO  [com.push.handle.TransMessage:164] - 头数据：0000000110010000047901020F0000000000
2018-11-19 13:38:44 [NioProcessor-2] INFO  [com.push.handle.PushHandler:54] - 车牌号=========京 QY09H9
2018-11-19 13:38:44 [NioProcessor-2] INFO  [com.push.handle.TransMessage:164] - 头数据：0000000112000000047901020F0000000000
2018-11-19 13:38:44 [NioProcessor-2] INFO  [com.push.handle.PushHandler:54] - 车牌号========= 京 QU9U69
2018-11-19 13:38:44 [NioProcessor-2] INFO  [com.push.handle.TransMessage:164] - 头数据：0000000112000000047901020F0000000000
2018-11-19 13:38:44 [NioProcessor-2] INFO  [com.push.handle.PushHandler:54] - 车牌号========= 京 QY10H1
2018-11-19 13:38:44 [NioProcessor-2] INFO  [com.push.handle.TransMessage:164] - 头数据：0000000112000000047901020F0000000000
2018-11-19 13:38:44 [NioProcessor-2] INFO  [com.push.handle.PushHandler:54] - 车牌号========= 京 QY10H2
2018-11-19 13:38:44 [NioProcessor-2] INFO  [com.push.handle.TransMessage:164] - 头数据：0000000112000000047901020F0000000000
2018-11-19 13:38:44 [NioProcessor-2] INFO  [com.push.handle.PushHandler:54] - 车牌号========= 京 QY10H7
2018-11-19 13:38:44 [NioProcessor-2] INFO  [com.push.handle.TransMessage:164] - 头数据：0000000112000000047901020F0000000000
2018-11-19 13:38:44 [NioProcessor-2] INFO  [com.push.handle.PushHandler:59] - 注册完毕=========》
2018-11-19 13:38:44 [NioProcessor-2] INFO  [com.push.handle.MessDecoder:46] - ---------解析服务端传回来的数据 MessageDecoderResult.OK -----------
2018-11-19 13:38:45 [NioProcessor-2] INFO  [com.push.handle.MessDecoder:46] - ---------解析服务端传回来的数据 MessageDecoderResult.OK -----------
2018-11-19 13:38:55 [NioProcessor-2] INFO  [com.push.handle.PushHandler:71] -  sessionIdle ------!
2018-11-19 13:39:00 [pool-1-thread-1] INFO  [com.push.handle.PushHandler:100] - sentPosition===========>
2018-11-19 13:39:05 [NioProcessor-2] INFO  [com.push.handle.PushHandler:71] -  sessionIdle ------!
2018-11-19 13:39:05 [pool-1-thread-1] INFO  [com.push.handle.PushHandler:122] - 实时===========> 京 QY10H7sn004
2018-11-19 13:39:05 [pool-1-thread-1] INFO  [com.push.handle.TransMessage:164] - 头数据：0000000112000000047901020F0000000000
2018-11-19 13:39:05 [pool-1-thread-1] INFO  [com.push.handle.PushHandler:126] - 实时1===========> 京 QY10H7sn004
2018-11-19 13:50:23 [main] INFO  [com.push.StartPushService:33] - start push service .
2018-11-19 13:50:24 [NioProcessor-2] INFO  [com.push.handle.PushHandler:27] - new session created!
2018-11-19 13:50:24 [NioProcessor-2] INFO  [com.push.handle.PushHandler:35] - 登录（sessionOpened）=========
2018-11-19 13:50:24 [NioProcessor-2] INFO  [com.push.handle.TransMessage:164] - 头数据：0000000110010000047901020F0000000000
2018-11-19 13:50:24 [main] INFO  [com.push.handle.PushHandler:83] - connect sucess:
2018-11-19 13:50:24 [main] INFO  [com.push.handle.PushHandler:86] - connect com.push.handle.PushHandler for tcp
2018-11-19 13:50:25 [NioProcessor-2] INFO  [com.push.handle.PushHandler:54] - 车牌号=========京 QY09H9
2018-11-19 13:50:25 [NioProcessor-2] INFO  [com.push.handle.TransMessage:164] - 头数据：0000000112000000047901020F0000000000
2018-11-19 13:50:25 [NioProcessor-2] INFO  [com.push.handle.PushHandler:54] - 车牌号========= 京 QU9U69
2018-11-19 13:50:25 [NioProcessor-2] INFO  [com.push.handle.TransMessage:164] - 头数据：0000000112000000047901020F0000000000
2018-11-19 13:50:25 [NioProcessor-2] INFO  [com.push.handle.PushHandler:54] - 车牌号========= 京 QY10H1
2018-11-19 13:50:25 [NioProcessor-2] INFO  [com.push.handle.TransMessage:164] - 头数据：0000000112000000047901020F0000000000
2018-11-19 13:50:25 [NioProcessor-2] INFO  [com.push.handle.PushHandler:54] - 车牌号========= 京 QY10H2
2018-11-19 13:50:25 [NioProcessor-2] INFO  [com.push.handle.TransMessage:164] - 头数据：0000000112000000047901020F0000000000
2018-11-19 13:50:25 [NioProcessor-2] INFO  [com.push.handle.PushHandler:54] - 车牌号========= 京 QY10H7
2018-11-19 13:50:25 [NioProcessor-2] INFO  [com.push.handle.TransMessage:164] - 头数据：0000000112000000047901020F0000000000
2018-11-19 13:50:25 [NioProcessor-2] INFO  [com.push.handle.PushHandler:59] - 注册完毕=========》
2018-11-19 13:50:25 [NioProcessor-2] INFO  [com.push.handle.MessDecoder:46] - ---------解析服务端传回来的数据 MessageDecoderResult.OK -----------
2018-11-19 13:50:25 [NioProcessor-2] INFO  [com.push.handle.MessDecoder:46] - ---------解析服务端传回来的数据 MessageDecoderResult.OK -----------
2018-11-19 13:50:35 [NioProcessor-2] INFO  [com.push.handle.PushHandler:71] -  sessionIdle ------!
2018-11-19 13:50:45 [NioProcessor-2] INFO  [com.push.handle.PushHandler:71] -  sessionIdle ------!
2018-11-19 13:50:55 [NioProcessor-2] INFO  [com.push.handle.PushHandler:71] -  sessionIdle ------!
2018-11-19 13:51:00 [pool-1-thread-1] INFO  [com.push.handle.PushHandler:100] - sentPosition===========>
2018-11-19 13:51:01 [pool-1-thread-1] INFO  [com.push.handle.PushHandler:122] - 实时===========> 京 QY10H7sn004
2018-11-19 13:51:01 [pool-1-thread-1] INFO  [com.push.handle.TransMessage:164] - 头数据：0000000112000000047901020F0000000000
2018-11-19 13:51:01 [pool-1-thread-1] INFO  [com.push.handle.PushHandler:126] - 实时1===========> 京 QY10H7sn004
2018-11-19 13:51:56 [main] INFO  [com.push.StartPushService:33] - start push service .
2018-11-19 13:51:57 [NioProcessor-2] INFO  [com.push.handle.PushHandler:27] - new session created!
2018-11-19 13:51:57 [NioProcessor-2] INFO  [com.push.handle.PushHandler:35] - 登录（sessionOpened）=========
2018-11-19 13:51:57 [main] INFO  [com.push.handle.PushHandler:83] - connect sucess:
2018-11-19 13:51:57 [NioProcessor-2] INFO  [com.push.handle.TransMessage:164] - 头数据：0000000110010000047901020F0000000000
2018-11-19 13:51:57 [main] INFO  [com.push.handle.PushHandler:86] - connect com.push.handle.PushHandler for tcp
2018-11-19 13:51:58 [NioProcessor-2] INFO  [com.push.handle.MessDecoder:46] - ---------解析服务端传回来的数据 MessageDecoderResult.OK -----------
2018-11-19 13:51:58 [NioProcessor-2] INFO  [com.push.handle.MessDecoder:46] - ---------解析服务端传回来的数据 MessageDecoderResult.OK -----------
2018-11-19 13:52:00 [pool-1-thread-1] INFO  [com.push.handle.PushHandler:100] - sentPosition===========>
2018-11-19 13:52:00 [pool-1-thread-1] INFO  [com.push.handle.PushHandler:122] - 实时===========> 京 QY10H7sn004
2018-11-19 13:52:00 [pool-1-thread-1] INFO  [com.push.handle.TransMessage:164] - 头数据：0000000112000000047901020F0000000000
2018-11-19 13:52:00 [pool-1-thread-1] INFO  [com.push.handle.PushHandler:126] - 实时1===========> 京 QY10H7sn004
2018-11-19 13:52:08 [NioProcessor-2] INFO  [com.push.handle.PushHandler:56] -  sessionIdle ------!
2018-11-19 13:52:08 [NioProcessor-2] INFO  [com.push.handle.PushHandler:67] - 车牌号=========京 QY09H9
2018-11-19 13:52:08 [NioProcessor-2] INFO  [com.push.handle.TransMessage:164] - 头数据：0000000112000000047901020F0000000000
2018-11-19 13:52:08 [NioProcessor-2] INFO  [com.push.handle.PushHandler:67] - 车牌号========= 京 QU9U69
2018-11-19 13:52:08 [NioProcessor-2] INFO  [com.push.handle.TransMessage:164] - 头数据：0000000112000000047901020F0000000000
2018-11-19 13:52:08 [NioProcessor-2] INFO  [com.push.handle.PushHandler:67] - 车牌号========= 京 QY10H1
2018-11-19 13:52:08 [NioProcessor-2] INFO  [com.push.handle.TransMessage:164] - 头数据：0000000112000000047901020F0000000000
2018-11-19 13:52:08 [NioProcessor-2] INFO  [com.push.handle.PushHandler:67] - 车牌号========= 京 QY10H2
2018-11-19 13:52:08 [NioProcessor-2] INFO  [com.push.handle.TransMessage:164] - 头数据：0000000112000000047901020F0000000000
2018-11-19 13:52:08 [NioProcessor-2] INFO  [com.push.handle.PushHandler:67] - 车牌号========= 京 QY10H7
2018-11-19 13:52:08 [NioProcessor-2] INFO  [com.push.handle.TransMessage:164] - 头数据：0000000112000000047901020F0000000000
2018-11-19 13:52:08 [NioProcessor-2] INFO  [com.push.handle.PushHandler:72] - 注册完毕=========》
2018-11-19 13:52:18 [NioProcessor-2] INFO  [com.push.handle.PushHandler:56] -  sessionIdle ------!
2018-11-19 13:52:18 [NioProcessor-2] INFO  [com.push.handle.PushHandler:67] - 车牌号=========京 QY09H9
2018-11-19 13:52:18 [NioProcessor-2] INFO  [com.push.handle.TransMessage:164] - 头数据：0000000112000000047901020F0000000000
2018-11-19 13:52:18 [NioProcessor-2] INFO  [com.push.handle.PushHandler:67] - 车牌号========= 京 QU9U69
2018-11-19 13:52:18 [NioProcessor-2] INFO  [com.push.handle.TransMessage:164] - 头数据：0000000112000000047901020F0000000000
2018-11-19 13:52:18 [NioProcessor-2] INFO  [com.push.handle.PushHandler:67] - 车牌号========= 京 QY10H1
2018-11-19 13:52:18 [NioProcessor-2] INFO  [com.push.handle.TransMessage:164] - 头数据：0000000112000000047901020F0000000000
2018-11-19 13:52:18 [NioProcessor-2] INFO  [com.push.handle.PushHandler:67] - 车牌号========= 京 QY10H2
2018-11-19 13:52:18 [NioProcessor-2] INFO  [com.push.handle.TransMessage:164] - 头数据：0000000112000000047901020F0000000000
2018-11-19 13:52:18 [NioProcessor-2] INFO  [com.push.handle.PushHandler:67] - 车牌号========= 京 QY10H7
2018-11-19 13:52:18 [NioProcessor-2] INFO  [com.push.handle.TransMessage:164] - 头数据：0000000112000000047901020F0000000000
2018-11-19 13:52:18 [NioProcessor-2] INFO  [com.push.handle.PushHandler:72] - 注册完毕=========》
2018-11-19 13:52:28 [NioProcessor-2] INFO  [com.push.handle.PushHandler:56] -  sessionIdle ------!
2018-11-19 13:52:28 [NioProcessor-2] INFO  [com.push.handle.PushHandler:67] - 车牌号=========京 QY09H9
2018-11-19 13:52:28 [NioProcessor-2] INFO  [com.push.handle.TransMessage:164] - 头数据：0000000112000000047901020F0000000000
2018-11-19 13:52:28 [NioProcessor-2] INFO  [com.push.handle.PushHandler:67] - 车牌号========= 京 QU9U69
2018-11-19 13:52:28 [NioProcessor-2] INFO  [com.push.handle.TransMessage:164] - 头数据：0000000112000000047901020F0000000000
2018-11-19 13:52:28 [NioProcessor-2] INFO  [com.push.handle.PushHandler:67] - 车牌号========= 京 QY10H1
2018-11-19 13:52:28 [NioProcessor-2] INFO  [com.push.handle.TransMessage:164] - 头数据：0000000112000000047901020F0000000000
2018-11-19 13:52:28 [NioProcessor-2] INFO  [com.push.handle.PushHandler:67] - 车牌号========= 京 QY10H2
2018-11-19 13:52:28 [NioProcessor-2] INFO  [com.push.handle.TransMessage:164] - 头数据：0000000112000000047901020F0000000000
2018-11-19 13:52:28 [NioProcessor-2] INFO  [com.push.handle.PushHandler:67] - 车牌号========= 京 QY10H7
2018-11-19 13:52:28 [NioProcessor-2] INFO  [com.push.handle.TransMessage:164] - 头数据：0000000112000000047901020F0000000000
2018-11-19 13:52:28 [NioProcessor-2] INFO  [com.push.handle.PushHandler:72] - 注册完毕=========》
2018-11-19 13:52:38 [NioProcessor-2] INFO  [com.push.handle.PushHandler:56] -  sessionIdle ------!
2018-11-19 13:52:38 [NioProcessor-2] INFO  [com.push.handle.PushHandler:67] - 车牌号=========京 QY09H9
2018-11-19 13:52:38 [NioProcessor-2] INFO  [com.push.handle.TransMessage:164] - 头数据：0000000112000000047901020F0000000000
2018-11-19 13:52:38 [NioProcessor-2] INFO  [com.push.handle.PushHandler:67] - 车牌号========= 京 QU9U69
2018-11-19 13:52:38 [NioProcessor-2] INFO  [com.push.handle.TransMessage:164] - 头数据：0000000112000000047901020F0000000000
2018-11-19 13:52:38 [NioProcessor-2] INFO  [com.push.handle.PushHandler:67] - 车牌号========= 京 QY10H1
2018-11-19 13:52:38 [NioProcessor-2] INFO  [com.push.handle.TransMessage:164] - 头数据：0000000112000000047901020F0000000000
2018-11-19 13:52:38 [NioProcessor-2] INFO  [com.push.handle.PushHandler:67] - 车牌号========= 京 QY10H2
2018-11-19 13:52:38 [NioProcessor-2] INFO  [com.push.handle.TransMessage:164] - 头数据：0000000112000000047901020F0000000000
2018-11-19 13:52:38 [NioProcessor-2] INFO  [com.push.handle.PushHandler:67] - 车牌号========= 京 QY10H7
2018-11-19 13:52:38 [NioProcessor-2] INFO  [com.push.handle.TransMessage:164] - 头数据：0000000112000000047901020F0000000000
2018-11-19 13:52:38 [NioProcessor-2] INFO  [com.push.handle.PushHandler:72] - 注册完毕=========》
2018-11-19 13:52:48 [NioProcessor-2] INFO  [com.push.handle.PushHandler:56] -  sessionIdle ------!
2018-11-19 13:52:48 [NioProcessor-2] INFO  [com.push.handle.PushHandler:67] - 车牌号=========京 QY09H9
2018-11-19 13:52:48 [NioProcessor-2] INFO  [com.push.handle.TransMessage:164] - 头数据：0000000112000000047901020F0000000000
2018-11-19 13:52:48 [NioProcessor-2] INFO  [com.push.handle.PushHandler:67] - 车牌号========= 京 QU9U69
2018-11-19 13:52:48 [NioProcessor-2] INFO  [com.push.handle.TransMessage:164] - 头数据：0000000112000000047901020F0000000000
2018-11-19 13:52:48 [NioProcessor-2] INFO  [com.push.handle.PushHandler:67] - 车牌号========= 京 QY10H1
2018-11-19 13:52:48 [NioProcessor-2] INFO  [com.push.handle.TransMessage:164] - 头数据：0000000112000000047901020F0000000000
2018-11-19 13:52:48 [NioProcessor-2] INFO  [com.push.handle.PushHandler:67] - 车牌号========= 京 QY10H2
2018-11-19 13:52:48 [NioProcessor-2] INFO  [com.push.handle.TransMessage:164] - 头数据：0000000112000000047901020F0000000000
2018-11-19 13:52:48 [NioProcessor-2] INFO  [com.push.handle.PushHandler:67] - 车牌号========= 京 QY10H7
2018-11-19 13:52:48 [NioProcessor-2] INFO  [com.push.handle.TransMessage:164] - 头数据：0000000112000000047901020F0000000000
2018-11-19 13:52:48 [NioProcessor-2] INFO  [com.push.handle.PushHandler:72] - 注册完毕=========》
2018-11-19 13:52:58 [NioProcessor-2] INFO  [com.push.handle.PushHandler:56] -  sessionIdle ------!
2018-11-19 13:52:58 [NioProcessor-2] INFO  [com.push.handle.PushHandler:67] - 车牌号=========京 QY09H9
2018-11-19 13:52:58 [NioProcessor-2] INFO  [com.push.handle.TransMessage:164] - 头数据：0000000112000000047901020F0000000000
2018-11-19 13:52:58 [NioProcessor-2] INFO  [com.push.handle.PushHandler:67] - 车牌号========= 京 QU9U69
2018-11-19 13:52:58 [NioProcessor-2] INFO  [com.push.handle.TransMessage:164] - 头数据：0000000112000000047901020F0000000000
2018-11-19 13:52:58 [NioProcessor-2] INFO  [com.push.handle.PushHandler:67] - 车牌号========= 京 QY10H1
2018-11-19 13:52:58 [NioProcessor-2] INFO  [com.push.handle.TransMessage:164] - 头数据：0000000112000000047901020F0000000000
2018-11-19 13:52:58 [NioProcessor-2] INFO  [com.push.handle.PushHandler:67] - 车牌号========= 京 QY10H2
2018-11-19 13:52:58 [NioProcessor-2] INFO  [com.push.handle.TransMessage:164] - 头数据：0000000112000000047901020F0000000000
2018-11-19 13:52:58 [NioProcessor-2] INFO  [com.push.handle.PushHandler:67] - 车牌号========= 京 QY10H7
2018-11-19 13:52:58 [NioProcessor-2] INFO  [com.push.handle.TransMessage:164] - 头数据：0000000112000000047901020F0000000000
2018-11-19 13:52:58 [NioProcessor-2] INFO  [com.push.handle.PushHandler:72] - 注册完毕=========》
2018-11-19 13:53:00 [pool-1-thread-1] INFO  [com.push.handle.PushHandler:100] - sentPosition===========>
2018-11-19 13:53:00 [pool-1-thread-1] INFO  [com.push.handle.PushHandler:122] - 实时===========> 京 QY10H7sn004
2018-11-19 13:53:00 [pool-1-thread-1] INFO  [com.push.handle.TransMessage:164] - 头数据：0000000112000000047901020F0000000000
2018-11-19 13:53:00 [pool-1-thread-1] INFO  [com.push.handle.PushHandler:126] - 实时1===========> 京 QY10H7sn004
2018-11-19 13:53:09 [NioProcessor-2] INFO  [com.push.handle.PushHandler:56] -  sessionIdle ------!
2018-11-19 13:53:09 [NioProcessor-2] INFO  [com.push.handle.PushHandler:67] - 车牌号=========京 QY09H9
2018-11-19 13:53:09 [NioProcessor-2] INFO  [com.push.handle.TransMessage:164] - 头数据：0000000112000000047901020F0000000000
2018-11-19 13:53:09 [NioProcessor-2] INFO  [com.push.handle.PushHandler:67] - 车牌号========= 京 QU9U69
2018-11-19 13:53:09 [NioProcessor-2] INFO  [com.push.handle.TransMessage:164] - 头数据：0000000112000000047901020F0000000000
2018-11-19 13:53:09 [NioProcessor-2] INFO  [com.push.handle.PushHandler:67] - 车牌号========= 京 QY10H1
2018-11-19 13:53:09 [NioProcessor-2] INFO  [com.push.handle.TransMessage:164] - 头数据：0000000112000000047901020F0000000000
2018-11-19 13:53:09 [NioProcessor-2] INFO  [com.push.handle.PushHandler:67] - 车牌号========= 京 QY10H2
2018-11-19 13:53:09 [NioProcessor-2] INFO  [com.push.handle.TransMessage:164] - 头数据：0000000112000000047901020F0000000000
2018-11-19 13:53:09 [NioProcessor-2] INFO  [com.push.handle.PushHandler:67] - 车牌号========= 京 QY10H7
2018-11-19 13:53:09 [NioProcessor-2] INFO  [com.push.handle.TransMessage:164] - 头数据：0000000112000000047901020F0000000000
2018-11-19 13:53:09 [NioProcessor-2] INFO  [com.push.handle.PushHandler:72] - 注册完毕=========》
2018-11-19 13:53:19 [NioProcessor-2] INFO  [com.push.handle.PushHandler:56] -  sessionIdle ------!
2018-11-19 13:53:19 [NioProcessor-2] INFO  [com.push.handle.PushHandler:67] - 车牌号=========京 QY09H9
2018-11-19 13:53:19 [NioProcessor-2] INFO  [com.push.handle.TransMessage:164] - 头数据：0000000112000000047901020F0000000000
2018-11-19 13:53:19 [NioProcessor-2] INFO  [com.push.handle.PushHandler:67] - 车牌号========= 京 QU9U69
2018-11-19 13:53:19 [NioProcessor-2] INFO  [com.push.handle.TransMessage:164] - 头数据：0000000112000000047901020F0000000000
2018-11-19 13:53:19 [NioProcessor-2] INFO  [com.push.handle.PushHandler:67] - 车牌号========= 京 QY10H1
2018-11-19 13:53:19 [NioProcessor-2] INFO  [com.push.handle.TransMessage:164] - 头数据：0000000112000000047901020F0000000000
2018-11-19 13:53:19 [NioProcessor-2] INFO  [com.push.handle.PushHandler:67] - 车牌号========= 京 QY10H2
2018-11-19 13:53:19 [NioProcessor-2] INFO  [com.push.handle.TransMessage:164] - 头数据：0000000112000000047901020F0000000000
2018-11-19 13:53:19 [NioProcessor-2] INFO  [com.push.handle.PushHandler:67] - 车牌号========= 京 QY10H7
2018-11-19 13:53:19 [NioProcessor-2] INFO  [com.push.handle.TransMessage:164] - 头数据：0000000112000000047901020F0000000000
2018-11-19 13:53:19 [NioProcessor-2] INFO  [com.push.handle.PushHandler:72] - 注册完毕=========》
2018-11-19 13:53:29 [NioProcessor-2] INFO  [com.push.handle.PushHandler:56] -  sessionIdle ------!
2018-11-19 13:53:29 [NioProcessor-2] INFO  [com.push.handle.PushHandler:67] - 车牌号=========京 QY09H9
2018-11-19 13:53:29 [NioProcessor-2] INFO  [com.push.handle.TransMessage:164] - 头数据：0000000112000000047901020F0000000000
2018-11-19 13:53:29 [NioProcessor-2] INFO  [com.push.handle.PushHandler:67] - 车牌号========= 京 QU9U69
2018-11-19 13:53:29 [NioProcessor-2] INFO  [com.push.handle.TransMessage:164] - 头数据：0000000112000000047901020F0000000000
2018-11-19 13:53:29 [NioProcessor-2] INFO  [com.push.handle.PushHandler:67] - 车牌号========= 京 QY10H1
2018-11-19 13:53:29 [NioProcessor-2] INFO  [com.push.handle.TransMessage:164] - 头数据：0000000112000000047901020F0000000000
2018-11-19 13:53:29 [NioProcessor-2] INFO  [com.push.handle.PushHandler:67] - 车牌号========= 京 QY10H2
2018-11-19 13:53:29 [NioProcessor-2] INFO  [com.push.handle.TransMessage:164] - 头数据：0000000112000000047901020F0000000000
2018-11-19 13:53:29 [NioProcessor-2] INFO  [com.push.handle.PushHandler:67] - 车牌号========= 京 QY10H7
2018-11-19 13:53:29 [NioProcessor-2] INFO  [com.push.handle.TransMessage:164] - 头数据：0000000112000000047901020F0000000000
2018-11-19 13:53:29 [NioProcessor-2] INFO  [com.push.handle.PushHandler:72] - 注册完毕=========》
2018-11-19 13:53:39 [NioProcessor-2] INFO  [com.push.handle.PushHandler:56] -  sessionIdle ------!
2018-11-19 13:53:39 [NioProcessor-2] INFO  [com.push.handle.PushHandler:67] - 车牌号=========京 QY09H9
2018-11-19 13:53:39 [NioProcessor-2] INFO  [com.push.handle.TransMessage:164] - 头数据：0000000112000000047901020F0000000000
2018-11-19 13:53:39 [NioProcessor-2] INFO  [com.push.handle.PushHandler:67] - 车牌号========= 京 QU9U69
2018-11-19 13:53:39 [NioProcessor-2] INFO  [com.push.handle.TransMessage:164] - 头数据：0000000112000000047901020F0000000000
2018-11-19 13:53:39 [NioProcessor-2] INFO  [com.push.handle.PushHandler:67] - 车牌号========= 京 QY10H1
2018-11-19 13:53:39 [NioProcessor-2] INFO  [com.push.handle.TransMessage:164] - 头数据：0000000112000000047901020F0000000000
2018-11-19 13:53:39 [NioProcessor-2] INFO  [com.push.handle.PushHandler:67] - 车牌号========= 京 QY10H2
2018-11-19 13:53:39 [NioProcessor-2] INFO  [com.push.handle.TransMessage:164] - 头数据：0000000112000000047901020F0000000000
2018-11-19 13:53:39 [NioProcessor-2] INFO  [com.push.handle.PushHandler:67] - 车牌号========= 京 QY10H7
2018-11-19 13:53:39 [NioProcessor-2] INFO  [com.push.handle.TransMessage:164] - 头数据：0000000112000000047901020F0000000000
2018-11-19 13:53:39 [NioProcessor-2] INFO  [com.push.handle.PushHandler:72] - 注册完毕=========》
2018-11-19 16:07:07 [main] INFO  [com.push.StartPushService:33] - start push service .
2018-11-19 16:07:08 [NioProcessor-2] INFO  [com.push.handle.PushHandler:30] - new session created!
2018-11-19 16:07:08 [NioProcessor-2] INFO  [com.push.handle.PushHandler:38] - 登录（sessionOpened）=========
2018-11-19 16:07:08 [NioProcessor-2] INFO  [com.push.handle.TransMessage:164] - 头数据：0000000110010000047901020F0000000000
2018-11-19 16:07:08 [main] INFO  [com.push.handle.PushHandler:83] - connect sucess:
2018-11-19 16:07:08 [main] INFO  [com.push.handle.PushHandler:86] - connect com.push.handle.PushHandler for tcp
2018-11-19 16:07:12 [NioProcessor-2] INFO  [com.push.handle.PushHandler:99] - exceptionCaught====>java.net.SocketTimeoutException: Read timed out; nested exception is redis.clients.jedis.exceptions.JedisConnectionException: java.net.SocketTimeoutException: Read timed out
2018-11-19 16:07:12 [NioProcessor-2] INFO  [com.push.handle.PushHandler:69] - new session close!
2018-11-19 16:07:17 [NioProcessor-3] INFO  [com.push.handle.PushHandler:30] - new session created!
2018-11-19 16:07:17 [NioProcessor-3] INFO  [com.push.handle.PushHandler:38] - 登录（sessionOpened）=========
2018-11-19 16:07:17 [NioProcessor-3] INFO  [com.push.handle.TransMessage:164] - 头数据：0000000110010000047901020F0000000000
2018-11-19 16:07:21 [NioProcessor-3] INFO  [com.push.handle.PushHandler:99] - exceptionCaught====>java.net.SocketTimeoutException: Read timed out; nested exception is redis.clients.jedis.exceptions.JedisConnectionException: java.net.SocketTimeoutException: Read timed out
2018-11-19 16:07:21 [NioProcessor-3] INFO  [com.push.handle.PushHandler:69] - new session close!
2018-11-19 16:07:22 [NioProcessor-4] INFO  [com.push.handle.PushHandler:30] - new session created!
2018-11-19 16:07:22 [NioProcessor-4] INFO  [com.push.handle.PushHandler:38] - 登录（sessionOpened）=========
2018-11-19 16:07:22 [NioProcessor-4] INFO  [com.push.handle.TransMessage:164] - 头数据：0000000110010000047901020F0000000000
2018-11-19 16:07:24 [NioProcessor-4] INFO  [com.push.handle.PushHandler:99] - exceptionCaught====>java.net.SocketException: Connection reset; nested exception is redis.clients.jedis.exceptions.JedisConnectionException: java.net.SocketException: Connection reset
2018-11-19 16:07:24 [NioProcessor-4] INFO  [com.push.handle.PushHandler:69] - new session close!
2018-11-19 16:07:26 [NioProcessor-5] INFO  [com.push.handle.PushHandler:30] - new session created!
2018-11-19 16:07:26 [NioProcessor-5] INFO  [com.push.handle.PushHandler:38] - 登录（sessionOpened）=========
2018-11-19 16:07:26 [NioProcessor-5] INFO  [com.push.handle.TransMessage:164] - 头数据：0000000110010000047901020F0000000000
2018-11-19 16:07:27 [NioProcessor-1] INFO  [com.push.handle.PushHandler:30] - new session created!
2018-11-19 16:07:27 [NioProcessor-1] INFO  [com.push.handle.PushHandler:38] - 登录（sessionOpened）=========
2018-11-19 16:07:27 [NioProcessor-1] INFO  [com.push.handle.TransMessage:164] - 头数据：0000000110010000047901020F0000000000
2018-11-19 16:07:27 [NioProcessor-5] INFO  [com.push.handle.PushHandler:99] - exceptionCaught====>Cannot get Jedis connection; nested exception is redis.clients.jedis.exceptions.JedisConnectionException: Could not get a resource from the pool
2018-11-19 16:07:27 [NioProcessor-5] INFO  [com.push.handle.PushHandler:69] - new session close!
2018-11-19 16:07:28 [NioProcessor-1] INFO  [com.push.handle.PushHandler:99] - exceptionCaught====>Cannot get Jedis connection; nested exception is redis.clients.jedis.exceptions.JedisConnectionException: Could not get a resource from the pool
2018-11-19 16:07:28 [NioProcessor-1] INFO  [com.push.handle.PushHandler:69] - new session close!
2018-11-19 16:08:00 [pool-1-thread-1] INFO  [com.push.handle.PushHandler:100] - sentPosition===========>
2018-11-19 16:08:00 [pool-1-thread-1] INFO  [com.push.handle.PushHandler:122] - 实时===========> 京 QY10H7sn004
2018-11-19 16:08:00 [pool-1-thread-1] INFO  [com.push.handle.TransMessage:164] - 头数据：0000000112000000047901020F0000000000
2018-11-19 16:08:00 [pool-1-thread-1] INFO  [com.push.handle.PushHandler:126] - 实时1===========> 京 QY10H7sn004
2018-11-19 16:08:00 [pool-1-thread-1] INFO  [com.push.handle.PushHandler:148] - 上传位置个数1
2018-11-19 16:08:09 [main] INFO  [com.push.StartPushService:33] - start push service .
2018-11-19 16:08:10 [NioProcessor-2] INFO  [com.push.handle.PushHandler:30] - new session created!
2018-11-19 16:08:10 [NioProcessor-2] INFO  [com.push.handle.PushHandler:38] - 登录（sessionOpened）=========
2018-11-19 16:08:10 [main] INFO  [com.push.handle.PushHandler:83] - connect sucess:
2018-11-19 16:08:10 [NioProcessor-2] INFO  [com.push.handle.TransMessage:164] - 头数据：0000000110010000047901020F0000000000
2018-11-19 16:08:10 [main] INFO  [com.push.handle.PushHandler:86] - connect com.push.handle.PushHandler for tcp
2018-11-19 16:08:11 [NioProcessor-2] INFO  [com.push.handle.PushHandler:57] - 车牌号=========京 QY09H9
2018-11-19 16:08:11 [NioProcessor-2] INFO  [com.push.handle.TransMessage:164] - 头数据：0000000112000000047901020F0000000000
2018-11-19 16:08:11 [NioProcessor-2] INFO  [com.push.handle.PushHandler:57] - 车牌号========= 京 QU9U69
2018-11-19 16:08:11 [NioProcessor-2] INFO  [com.push.handle.TransMessage:164] - 头数据：0000000112000000047901020F0000000000
2018-11-19 16:08:11 [NioProcessor-2] INFO  [com.push.handle.PushHandler:57] - 车牌号========= 京 QY10H1
2018-11-19 16:08:11 [NioProcessor-2] INFO  [com.push.handle.TransMessage:164] - 头数据：0000000112000000047901020F0000000000
2018-11-19 16:08:11 [NioProcessor-2] INFO  [com.push.handle.PushHandler:57] - 车牌号========= 京 QY10H2
2018-11-19 16:08:11 [NioProcessor-2] INFO  [com.push.handle.TransMessage:164] - 头数据：0000000112000000047901020F0000000000
2018-11-19 16:08:11 [NioProcessor-2] INFO  [com.push.handle.PushHandler:57] - 车牌号========= 京 QY10H7
2018-11-19 16:08:11 [NioProcessor-2] INFO  [com.push.handle.TransMessage:164] - 头数据：0000000112000000047901020F0000000000
2018-11-19 16:08:11 [NioProcessor-2] INFO  [com.push.handle.PushHandler:62] - 注册完毕=========》
2018-11-19 16:08:11 [NioProcessor-2] INFO  [com.push.handle.MessDecoder:46] - ---------解析服务端传回来的数据 MessageDecoderResult.OK -----------
2018-11-19 16:08:11 [NioProcessor-2] INFO  [com.push.handle.MessDecoder:46] - ---------解析服务端传回来的数据 MessageDecoderResult.OK -----------
2018-11-19 16:08:21 [NioProcessor-2] INFO  [com.push.handle.PushHandler:75] -  sessionIdle ------!
2018-11-19 16:08:31 [NioProcessor-2] INFO  [com.push.handle.PushHandler:75] -  sessionIdle ------!
2018-11-19 16:08:36 [main] INFO  [com.push.StartPushService:33] - start push service .
2018-11-19 16:08:37 [NioProcessor-2] INFO  [com.push.handle.PushHandler:30] - new session created!
2018-11-19 16:08:37 [NioProcessor-2] INFO  [com.push.handle.PushHandler:38] - 登录（sessionOpened）=========
2018-11-19 16:08:48 [NioProcessor-2] INFO  [com.push.handle.TransMessage:164] - 头数据：0000000110010000047901020F0000000000
2018-11-19 16:08:48 [main] INFO  [com.push.handle.PushHandler:83] - connect sucess:
2018-11-19 16:08:50 [main] INFO  [com.push.handle.PushHandler:86] - connect com.push.handle.PushHandler for tcp
2018-11-19 16:08:50 [NioProcessor-2] INFO  [com.push.handle.PushHandler:57] - 车牌号=========京 QY09H9
2018-11-19 16:08:50 [NioProcessor-2] INFO  [com.push.handle.TransMessage:164] - 头数据：0000000112000000047901020F0000000000
2018-11-19 16:08:50 [NioProcessor-2] INFO  [com.push.handle.PushHandler:57] - 车牌号========= 京 QU9U69
2018-11-19 16:08:50 [NioProcessor-2] INFO  [com.push.handle.TransMessage:164] - 头数据：0000000112000000047901020F0000000000
2018-11-19 16:08:50 [NioProcessor-2] INFO  [com.push.handle.PushHandler:57] - 车牌号========= 京 QY10H1
2018-11-19 16:08:50 [NioProcessor-2] INFO  [com.push.handle.TransMessage:164] - 头数据：0000000112000000047901020F0000000000
2018-11-19 16:08:50 [NioProcessor-2] INFO  [com.push.handle.PushHandler:57] - 车牌号========= 京 QY10H2
2018-11-19 16:08:50 [NioProcessor-2] INFO  [com.push.handle.TransMessage:164] - 头数据：0000000112000000047901020F0000000000
2018-11-19 16:08:50 [NioProcessor-2] INFO  [com.push.handle.PushHandler:57] - 车牌号========= 京 QY10H7
2018-11-19 16:08:50 [NioProcessor-2] INFO  [com.push.handle.TransMessage:164] - 头数据：0000000112000000047901020F0000000000
2018-11-19 16:08:50 [NioProcessor-2] INFO  [com.push.handle.PushHandler:62] - 注册完毕=========》
2018-11-19 16:08:50 [NioProcessor-2] INFO  [com.push.handle.PushHandler:75] -  sessionIdle ------!
2018-11-19 16:08:50 [NioProcessor-2] INFO  [com.push.handle.MessDecoder:46] - ---------解析服务端传回来的数据 MessageDecoderResult.OK -----------
2018-11-19 16:08:51 [NioProcessor-2] INFO  [com.push.handle.MessDecoder:46] - ---------解析服务端传回来的数据 MessageDecoderResult.OK -----------
2018-11-19 16:09:00 [pool-1-thread-1] INFO  [com.push.handle.PushHandler:100] - sentPosition===========>
2018-11-19 16:09:00 [pool-1-thread-1] INFO  [com.push.handle.PushHandler:122] - 实时===========> 京 QY10H7sn004
2018-11-19 16:09:00 [pool-1-thread-1] INFO  [com.push.handle.TransMessage:164] - 头数据：0000000112000000047901020F0000000000
2018-11-19 16:09:00 [pool-1-thread-1] INFO  [com.push.handle.PushHandler:126] - 实时1===========> 京 QY10H7sn004
2018-11-19 16:09:00 [pool-1-thread-1] INFO  [com.push.handle.PushHandler:148] - 上传位置个数1
2018-11-19 16:09:01 [NioProcessor-2] INFO  [com.push.handle.PushHandler:75] -  sessionIdle ------!
